<?xml version='1.0'?>
<ns2:test-suite xmlns:ns2='urn:model.allure.qatools.yandex.ru' start='1679902161721' stop='1679902167350'>
    <name>End to End flow for Redbuss.com to book a Buss</name>
    <title>End to End flow for Redbuss.com to book a Buss</title>
    <test-cases>
        <test-case start='1679902161728' status='failed' stop='1679902164731'>
            <name>The user should be able to load the url</name>
            <title>The user should be able to load the url</title>
            <labels>
                <label name='language' value='javascript'/>
                <label name='framework' value='wdio'/>
                <label name='thread' value='0-0'/>
            </labels>
            <parameters>
                <parameter kind='argument' name='browser' value='chrome-111.0.5563.111'/>
            </parameters>
            <steps/>
            <attachments/>
            <failure>
                <message>no such window: no such window: target window already closed
                from unknown error: web view not found
                  (Session info: chrome=111.0.5563.111)</message>
                <stack-trace>no such window: no such window: target window already closed
                from unknown error: web view not found
                  (Session info: chrome=111.0.5563.111)
                    at process.processTicksAndRejections (node:internal/process/task_queues:95:5)
                    at async HomePage.openUrl (C:\Users\AnilAlexander\Desktop\Workspace\webdriverIO\redbuss\test\pageobjects\common.js:15:3)
                    at async UserContext.&lt;anonymous> (C:\Users\AnilAlexander\Desktop\Workspace\webdriverIO\redbuss\test\specs\redbuss.spec..js:9:3)</stack-trace>
            </failure>
        </test-case>
        <test-case start='1679902164732' status='failed' stop='1679902164800'>
            <name>The user should be able to enter From destination</name>
            <title>The user should be able to enter From destination</title>
            <labels>
                <label name='language' value='javascript'/>
                <label name='framework' value='wdio'/>
                <label name='thread' value='0-0'/>
            </labels>
            <parameters>
                <parameter kind='argument' name='browser' value='chrome-111.0.5563.111'/>
            </parameters>
            <steps/>
            <attachments/>
            <failure>
                <message>no such window: no such window: target window already closed
                from unknown error: web view not found
                  (Session info: chrome=111.0.5563.111)</message>
                <stack-trace>no such window: no such window: target window already closed
                from unknown error: web view not found
                  (Session info: chrome=111.0.5563.111)
                    at process.processTicksAndRejections (node:internal/process/task_queues:95:5)
                    at async HomePage.selectFromDestination (C:\Users\AnilAlexander\Desktop\Workspace\webdriverIO\redbuss\test\pageobjects\homePage.js:25:3)
                    at async UserContext.&lt;anonymous> (C:\Users\AnilAlexander\Desktop\Workspace\webdriverIO\redbuss\test\specs\redbuss.spec..js:14:3)</stack-trace>
            </failure>
        </test-case>
        <test-case start='1679902164801' status='failed' stop='1679902164868'>
            <name>The user should be able to enter To destination</name>
            <title>The user should be able to enter To destination</title>
            <labels>
                <label name='language' value='javascript'/>
                <label name='framework' value='wdio'/>
                <label name='thread' value='0-0'/>
            </labels>
            <parameters>
                <parameter kind='argument' name='browser' value='chrome-111.0.5563.111'/>
            </parameters>
            <steps/>
            <attachments/>
            <failure>
                <message>no such window: no such window: target window already closed
                from unknown error: web view not found
                  (Session info: chrome=111.0.5563.111)</message>
                <stack-trace>no such window: no such window: target window already closed
                from unknown error: web view not found
                  (Session info: chrome=111.0.5563.111)
                    at process.processTicksAndRejections (node:internal/process/task_queues:95:5)
                    at async HomePage.selectToDestination (C:\Users\AnilAlexander\Desktop\Workspace\webdriverIO\redbuss\test\pageobjects\homePage.js:35:3)
                    at async UserContext.&lt;anonymous> (C:\Users\AnilAlexander\Desktop\Workspace\webdriverIO\redbuss\test\specs\redbuss.spec..js:18:3)</stack-trace>
            </failure>
        </test-case>
        <test-case start='1679902164869' status='failed' stop='1679902164933'>
            <name>The user should be able to select a date</name>
            <title>The user should be able to select a date</title>
            <labels>
                <label name='language' value='javascript'/>
                <label name='framework' value='wdio'/>
                <label name='thread' value='0-0'/>
            </labels>
            <parameters>
                <parameter kind='argument' name='browser' value='chrome-111.0.5563.111'/>
            </parameters>
            <steps/>
            <attachments/>
            <failure>
                <message>no such window: no such window: target window already closed
                from unknown error: web view not found
                  (Session info: chrome=111.0.5563.111)</message>
                <stack-trace>no such window: no such window: target window already closed
                from unknown error: web view not found
                  (Session info: chrome=111.0.5563.111)
                    at process.processTicksAndRejections (node:internal/process/task_queues:95:5)
                    at async HomePage.selectDate (C:\Users\AnilAlexander\Desktop\Workspace\webdriverIO\redbuss\test\pageobjects\homePage.js:41:3)
                    at async UserContext.&lt;anonymous> (C:\Users\AnilAlexander\Desktop\Workspace\webdriverIO\redbuss\test\specs\redbuss.spec..js:23:3)</stack-trace>
            </failure>
        </test-case>
        <test-case start='1679902164934' status='failed' stop='1679902164996'>
            <name>The user should be able to search for buss</name>
            <title>The user should be able to search for buss</title>
            <labels>
                <label name='language' value='javascript'/>
                <label name='framework' value='wdio'/>
                <label name='thread' value='0-0'/>
            </labels>
            <parameters>
                <parameter kind='argument' name='browser' value='chrome-111.0.5563.111'/>
            </parameters>
            <steps/>
            <attachments/>
            <failure>
                <message>no such window: no such window: target window already closed
                from unknown error: web view not found
                  (Session info: chrome=111.0.5563.111)</message>
                <stack-trace>no such window: no such window: target window already closed
                from unknown error: web view not found
                  (Session info: chrome=111.0.5563.111)
                    at process.processTicksAndRejections (node:internal/process/task_queues:95:5)
                    at async SearchPage.searchBuss (C:\Users\AnilAlexander\Desktop\Workspace\webdriverIO\redbuss\test\pageobjects\search_page.js:31:3)
                    at async UserContext.&lt;anonymous> (C:\Users\AnilAlexander\Desktop\Workspace\webdriverIO\redbuss\test\specs\redbuss.spec..js:27:3)</stack-trace>
            </failure>
        </test-case>
        <test-case start='1679902164997' status='failed' stop='1679902165056'>
            <name>The user should be able to select a buss</name>
            <title>The user should be able to select a buss</title>
            <labels>
                <label name='language' value='javascript'/>
                <label name='framework' value='wdio'/>
                <label name='thread' value='0-0'/>
            </labels>
            <parameters>
                <parameter kind='argument' name='browser' value='chrome-111.0.5563.111'/>
            </parameters>
            <steps/>
            <attachments/>
            <failure>
                <message>no such window: no such window: target window already closed
                from unknown error: web view not found
                  (Session info: chrome=111.0.5563.111)</message>
                <stack-trace>no such window: no such window: target window already closed
                from unknown error: web view not found
                  (Session info: chrome=111.0.5563.111)
                    at process.processTicksAndRejections (node:internal/process/task_queues:95:5)
                    at async SearchPage.viewBuss (C:\Users\AnilAlexander\Desktop\Workspace\webdriverIO\redbuss\test\pageobjects\search_page.js:37:2)
                    at async UserContext.&lt;anonymous> (C:\Users\AnilAlexander\Desktop\Workspace\webdriverIO\redbuss\test\specs\redbuss.spec..js:38:3)</stack-trace>
            </failure>
        </test-case>
        <test-case start='1679902165056' status='failed' stop='1679902165132'>
            <name>The user should be able to select a seat</name>
            <title>The user should be able to select a seat</title>
            <labels>
                <label name='language' value='javascript'/>
                <label name='framework' value='wdio'/>
                <label name='thread' value='0-0'/>
            </labels>
            <parameters>
                <parameter kind='argument' name='browser' value='chrome-111.0.5563.111'/>
            </parameters>
            <steps/>
            <attachments/>
            <failure>
                <message>no such window: no such window: target window already closed
                from unknown error: web view not found
                  (Session info: chrome=111.0.5563.111)</message>
                <stack-trace>no such window: no such window: target window already closed
                from unknown error: web view not found
                  (Session info: chrome=111.0.5563.111)
                    at process.processTicksAndRejections (node:internal/process/task_queues:95:5)
                    at async SearchPage.selectSeat (C:\Users\AnilAlexander\Desktop\Workspace\webdriverIO\redbuss\test\pageobjects\search_page.js:44:3)
                    at async UserContext.&lt;anonymous> (C:\Users\AnilAlexander\Desktop\Workspace\webdriverIO\redbuss\test\specs\redbuss.spec..js:42:3)</stack-trace>
            </failure>
        </test-case>
        <test-case start='1679902165133' status='failed' stop='1679902165311'>
            <name>The user should be able to click proceed to book and enter details</name>
            <title>The user should be able to click proceed to book and enter details</title>
            <labels>
                <label name='language' value='javascript'/>
                <label name='framework' value='wdio'/>
                <label name='thread' value='0-0'/>
                <label name='language' value='javascript'/>
                <label name='framework' value='wdio'/>
                <label name='thread' value='0-0'/>
            </labels>
            <parameters>
                <parameter kind='argument' name='browser' value='chrome-111.0.5563.111'/>
                <parameter kind='argument' name='browser' value='chrome-111.0.5563.111'/>
            </parameters>
            <steps/>
            <attachments/>
            <failure>
                <message>no such window: no such window: target window already closed
                from unknown error: web view not found
                  (Session info: chrome=111.0.5563.111)</message>
                <stack-trace>no such window: no such window: target window already closed
                from unknown error: web view not found
                  (Session info: chrome=111.0.5563.111)
                    at process.processTicksAndRejections (node:internal/process/task_queues:95:5)
                    at async SearchPage.proceedToBook (C:\Users\AnilAlexander\Desktop\Workspace\webdriverIO\redbuss\test\pageobjects\search_page.js:49:2)
                    at async UserContext.&lt;anonymous> (C:\Users\AnilAlexander\Desktop\Workspace\webdriverIO\redbuss\test\specs\redbuss.spec..js:50:3)</stack-trace>
            </failure>
        </test-case>
        <test-case start='1679902165312' status='passed' stop='1679902167348'>
            <name>The user should be able to connectandquerry </name>
            <title>The user should be able to connectandquerry </title>
            <labels>
                <label name='language' value='javascript'/>
                <label name='framework' value='wdio'/>
                <label name='thread' value='0-0'/>
            </labels>
            <parameters>
                <parameter kind='argument' name='browser' value='chrome-111.0.5563.111'/>
            </parameters>
            <steps/>
            <attachments/>
        </test-case>
    </test-cases>
</ns2:test-suite>